<?xml version="1.0" encoding="UTF-8"?>
<!-- Generated by org.testng.reporters.JUnitXMLReporter -->
<testsuite ignored="0" hostname="DESKTOP-F67P6LQ" failures="0" tests="4" name="JupiterDemoTestCases" time="58.071" errors="0" timestamp="2020-12-06T04:26:30 GMT-06:00">
  <testcase classname="first.first.demo.TestCase1" name="validateContactPage" time="1.114"/>
  <testcase classname="first.first.demo.TestCase2" name="submitValidData" time="4.001"/>
  <testcase classname="first.first.demo.TestCase3" name="submitInvalidData" time="3.814"/>
  <testcase classname="first.first.demo.TestCase4" name="shoppingCartItemsValidation" time="5.783"/>
</testsuite> <!-- JupiterDemoTestCases -->
